<?xml version="1.0" encoding="UTF-8"?>
<testsuite name="com.capgemini.person.PersonApplicationTests" tests="1" skipped="0" failures="0" errors="0" timestamp="2019-07-16T07:10:41" hostname="DIN16004071" time="0.05">
  <properties/>
  <testcase name="contextLoads" classname="com.capgemini.person.PersonApplicationTests" time="0.05"/>
  <system-out><![CDATA[12:40:34.644 [Test worker] DEBUG org.springframework.test.context.junit4.SpringJUnit4ClassRunner - SpringJUnit4ClassRunner constructor called with [class com.capgemini.person.PersonApplicationTests]
12:40:34.652 [Test worker] DEBUG org.springframework.test.context.BootstrapUtils - Instantiating CacheAwareContextLoaderDelegate from class [org.springframework.test.context.cache.DefaultCacheAwareContextLoaderDelegate]
12:40:34.667 [Test worker] DEBUG org.springframework.test.context.BootstrapUtils - Instantiating BootstrapContext using constructor [public org.springframework.test.context.support.DefaultBootstrapContext(java.lang.Class,org.springframework.test.context.CacheAwareContextLoaderDelegate)]
12:40:34.693 [Test worker] DEBUG org.springframework.test.context.BootstrapUtils - Instantiating TestContextBootstrapper for test class [com.capgemini.person.PersonApplicationTests] from class [org.springframework.boot.test.context.SpringBootTestContextBootstrapper]
12:40:34.732 [Test worker] INFO org.springframework.boot.test.context.SpringBootTestContextBootstrapper - Neither @ContextConfiguration nor @ContextHierarchy found for test class [com.capgemini.person.PersonApplicationTests], using SpringBootContextLoader
12:40:34.736 [Test worker] DEBUG org.springframework.test.context.support.AbstractContextLoader - Did not detect default resource location for test class [com.capgemini.person.PersonApplicationTests]: class path resource [com/capgemini/person/PersonApplicationTests-context.xml] does not exist
12:40:34.736 [Test worker] DEBUG org.springframework.test.context.support.AbstractContextLoader - Did not detect default resource location for test class [com.capgemini.person.PersonApplicationTests]: class path resource [com/capgemini/person/PersonApplicationTestsContext.groovy] does not exist
12:40:34.736 [Test worker] INFO org.springframework.test.context.support.AbstractContextLoader - Could not detect default resource locations for test class [com.capgemini.person.PersonApplicationTests]: no resource found for suffixes {-context.xml, Context.groovy}.
12:40:34.737 [Test worker] INFO org.springframework.test.context.support.AnnotationConfigContextLoaderUtils - Could not detect default configuration classes for test class [com.capgemini.person.PersonApplicationTests]: PersonApplicationTests does not declare any static, non-private, non-final, nested classes annotated with @Configuration.
12:40:34.798 [Test worker] DEBUG org.springframework.test.context.support.ActiveProfilesUtils - Could not find an 'annotation declaring class' for annotation type [org.springframework.test.context.ActiveProfiles] and class [com.capgemini.person.PersonApplicationTests]
12:40:34.877 [Test worker] DEBUG org.springframework.context.annotation.ClassPathScanningCandidateComponentProvider - Identified candidate component class: file [D:\Users\kriskulk\Documents\person\build\classes\java\main\com\capgemini\person\PersonApplication.class]
12:40:34.883 [Test worker] INFO org.springframework.boot.test.context.SpringBootTestContextBootstrapper - Found @SpringBootConfiguration com.capgemini.person.PersonApplication for test class com.capgemini.person.PersonApplicationTests
12:40:35.024 [Test worker] DEBUG org.springframework.boot.test.context.SpringBootTestContextBootstrapper - @TestExecutionListeners is not present for class [com.capgemini.person.PersonApplicationTests]: using defaults.
12:40:35.024 [Test worker] INFO org.springframework.boot.test.context.SpringBootTestContextBootstrapper - Loaded default TestExecutionListener class names from location [META-INF/spring.factories]: [org.springframework.boot.test.autoconfigure.restdocs.RestDocsTestExecutionListener, org.springframework.boot.test.autoconfigure.web.client.MockRestServiceServerResetTestExecutionListener, org.springframework.boot.test.autoconfigure.web.servlet.MockMvcPrintOnlyOnFailureTestExecutionListener, org.springframework.boot.test.autoconfigure.web.servlet.WebDriverTestExecutionListener, org.springframework.boot.test.mock.mockito.MockitoTestExecutionListener, org.springframework.boot.test.mock.mockito.ResetMocksTestExecutionListener, org.springframework.test.context.web.ServletTestExecutionListener, org.springframework.test.context.support.DirtiesContextBeforeModesTestExecutionListener, org.springframework.test.context.support.DependencyInjectionTestExecutionListener, org.springframework.test.context.support.DirtiesContextTestExecutionListener, org.springframework.test.context.transaction.TransactionalTestExecutionListener, org.springframework.test.context.jdbc.SqlScriptsTestExecutionListener]
12:40:35.056 [Test worker] INFO org.springframework.boot.test.context.SpringBootTestContextBootstrapper - Using TestExecutionListeners: [org.springframework.test.context.web.ServletTestExecutionListener@56372ff5, org.springframework.test.context.support.DirtiesContextBeforeModesTestExecutionListener@62b8f9f9, org.springframework.boot.test.mock.mockito.MockitoTestExecutionListener@5b219e01, org.springframework.boot.test.autoconfigure.SpringBootDependencyInjectionTestExecutionListener@dc6899c, org.springframework.test.context.support.DirtiesContextTestExecutionListener@62e14756, org.springframework.test.context.transaction.TransactionalTestExecutionListener@47b30dc2, org.springframework.test.context.jdbc.SqlScriptsTestExecutionListener@10b542a3, org.springframework.boot.test.autoconfigure.restdocs.RestDocsTestExecutionListener@2906b340, org.springframework.boot.test.autoconfigure.web.client.MockRestServiceServerResetTestExecutionListener@41b58ac1, org.springframework.boot.test.autoconfigure.web.servlet.MockMvcPrintOnlyOnFailureTestExecutionListener@1eb75228, org.springframework.boot.test.autoconfigure.web.servlet.WebDriverTestExecutionListener@242dab07, org.springframework.boot.test.mock.mockito.ResetMocksTestExecutionListener@382d8071]
12:40:35.060 [Test worker] DEBUG org.springframework.test.annotation.ProfileValueUtils - Retrieved @ProfileValueSourceConfiguration [null] for test class [com.capgemini.person.PersonApplicationTests]
12:40:35.061 [Test worker] DEBUG org.springframework.test.annotation.ProfileValueUtils - Retrieved ProfileValueSource type [class org.springframework.test.annotation.SystemProfileValueSource] for class [com.capgemini.person.PersonApplicationTests]
12:40:35.061 [Test worker] DEBUG org.springframework.test.annotation.ProfileValueUtils - Retrieved @ProfileValueSourceConfiguration [null] for test class [com.capgemini.person.PersonApplicationTests]
12:40:35.062 [Test worker] DEBUG org.springframework.test.annotation.ProfileValueUtils - Retrieved ProfileValueSource type [class org.springframework.test.annotation.SystemProfileValueSource] for class [com.capgemini.person.PersonApplicationTests]
12:40:35.067 [Test worker] DEBUG org.springframework.test.context.support.AbstractDirtiesContextTestExecutionListener - Before test class: context [DefaultTestContext@51b49855 testClass = PersonApplicationTests, testInstance = [null], testMethod = [null], testException = [null], mergedContextConfiguration = [WebMergedContextConfiguration@4a043f24 testClass = PersonApplicationTests, locations = '{}', classes = '{class com.capgemini.person.PersonApplication}', contextInitializerClasses = '[]', activeProfiles = '{}', propertySourceLocations = '{}', propertySourceProperties = '{org.springframework.boot.test.context.SpringBootTestContextBootstrapper=true}', contextCustomizers = set[org.springframework.boot.test.autoconfigure.properties.PropertyMappingContextCustomizer@0, org.springframework.boot.test.autoconfigure.web.servlet.WebDriverContextCustomizerFactory$Customizer@709b6815, org.springframework.boot.test.context.filter.ExcludeFilterContextCustomizer@46b085da, org.springframework.boot.test.json.DuplicateJsonObjectContextCustomizerFactory$DuplicateJsonObjectContextCustomizer@5d2e750, org.springframework.boot.test.mock.mockito.MockitoContextCustomizer@0, org.springframework.boot.test.web.client.TestRestTemplateContextCustomizer@50deeb1a], resourceBasePath = 'src/main/webapp', contextLoader = 'org.springframework.boot.test.context.SpringBootContextLoader', parent = [null]], attributes = map['org.springframework.test.context.web.ServletTestExecutionListener.activateListener' -> true]], class annotated with @DirtiesContext [false] with mode [null].
12:40:35.068 [Test worker] DEBUG org.springframework.test.annotation.ProfileValueUtils - Retrieved @ProfileValueSourceConfiguration [null] for test class [com.capgemini.person.PersonApplicationTests]
12:40:35.068 [Test worker] DEBUG org.springframework.test.annotation.ProfileValueUtils - Retrieved ProfileValueSource type [class org.springframework.test.annotation.SystemProfileValueSource] for class [com.capgemini.person.PersonApplicationTests]
12:40:35.090 [Test worker] DEBUG org.springframework.test.context.support.TestPropertySourceUtils - Adding inlined properties to environment: {spring.jmx.enabled=false, org.springframework.boot.test.context.SpringBootTestContextBootstrapper=true, server.port=-1}

  .   ____          _            __ _ _
 /\\ / ___'_ __ _ _(_)_ __  __ _ \ \ \ \
( ( )\___ | '_ | '_| | '_ \/ _` | \ \ \ \
 \\/  ___)| |_)| | | | | || (_| |  ) ) ) )
  '  |____| .__|_| |_|_| |_\__, | / / / /
 =========|_|==============|___/=/_/_/_/
 :: Spring Boot ::        (v2.1.6.RELEASE)

2019-07-16 12:40:35.425  INFO 2340 --- [    Test worker] c.c.person.PersonApplicationTests        : Starting PersonApplicationTests on DIN16004071 with PID 2340 (started by kriskulk in D:\Users\kriskulk\Documents\person)
2019-07-16 12:40:35.427  INFO 2340 --- [    Test worker] c.c.person.PersonApplicationTests        : No active profile set, falling back to default profiles: default
2019-07-16 12:40:36.696  INFO 2340 --- [    Test worker] .s.d.r.c.RepositoryConfigurationDelegate : Bootstrapping Spring Data repositories in DEFAULT mode.
2019-07-16 12:40:36.783  INFO 2340 --- [    Test worker] .s.d.r.c.RepositoryConfigurationDelegate : Finished Spring Data repository scanning in 78ms. Found 1 repository interfaces.
2019-07-16 12:40:37.239  INFO 2340 --- [    Test worker] trationDelegate$BeanPostProcessorChecker : Bean 'org.springframework.transaction.annotation.ProxyTransactionManagementConfiguration' of type [org.springframework.transaction.annotation.ProxyTransactionManagementConfiguration$$EnhancerBySpringCGLIB$$90c02ab0] is not eligible for getting processed by all BeanPostProcessors (for example: not eligible for auto-proxying)
2019-07-16 12:40:37.298  INFO 2340 --- [    Test worker] trationDelegate$BeanPostProcessorChecker : Bean 'org.springframework.hateoas.config.HateoasConfiguration' of type [org.springframework.hateoas.config.HateoasConfiguration$$EnhancerBySpringCGLIB$$104077e2] is not eligible for getting processed by all BeanPostProcessors (for example: not eligible for auto-proxying)
2019-07-16 12:40:37.550  INFO 2340 --- [    Test worker] com.zaxxer.hikari.HikariDataSource       : HikariPool-1 - Starting...
2019-07-16 12:40:37.717  INFO 2340 --- [    Test worker] com.zaxxer.hikari.HikariDataSource       : HikariPool-1 - Start completed.
2019-07-16 12:40:37.807  INFO 2340 --- [    Test worker] o.hibernate.jpa.internal.util.LogHelper  : HHH000204: Processing PersistenceUnitInfo [
	name: default
	...]
2019-07-16 12:40:37.886  INFO 2340 --- [    Test worker] org.hibernate.Version                    : HHH000412: Hibernate Core {5.3.10.Final}
2019-07-16 12:40:37.887  INFO 2340 --- [    Test worker] org.hibernate.cfg.Environment            : HHH000206: hibernate.properties not found
2019-07-16 12:40:38.063  INFO 2340 --- [    Test worker] o.hibernate.annotations.common.Version   : HCANN000001: Hibernate Commons Annotations {5.0.4.Final}
2019-07-16 12:40:38.251  INFO 2340 --- [    Test worker] org.hibernate.dialect.Dialect            : HHH000400: Using dialect: org.hibernate.dialect.H2Dialect
2019-07-16 12:40:38.919  INFO 2340 --- [    Test worker] o.h.t.schema.internal.SchemaCreatorImpl  : HHH000476: Executing import script 'org.hibernate.tool.schema.internal.exec.ScriptSourceInputNonExistentImpl@377cb619'
2019-07-16 12:40:38.925  INFO 2340 --- [    Test worker] j.LocalContainerEntityManagerFactoryBean : Initialized JPA EntityManagerFactory for persistence unit 'default'
2019-07-16 12:40:39.609  WARN 2340 --- [    Test worker] aWebConfiguration$JpaWebMvcConfiguration : spring.jpa.open-in-view is enabled by default. Therefore, database queries may be performed during view rendering. Explicitly configure spring.jpa.open-in-view to disable this warning
2019-07-16 12:40:40.333  INFO 2340 --- [    Test worker] o.s.s.concurrent.ThreadPoolTaskExecutor  : Initializing ExecutorService 'applicationTaskExecutor'
2019-07-16 12:40:40.993  INFO 2340 --- [    Test worker] d.s.w.p.DocumentationPluginsBootstrapper : Context refreshed
2019-07-16 12:40:41.015  INFO 2340 --- [    Test worker] d.s.w.p.DocumentationPluginsBootstrapper : Found {0} custom documentation plugin(s)
2019-07-16 12:40:41.022  INFO 2340 --- [    Test worker] s.d.s.w.s.ApiListingReferenceScanner     : Scanning for api listing references
2019-07-16 12:40:41.028  INFO 2340 --- [    Test worker] s.w.ClassOrApiAnnotationResourceGrouping : Group for method delete was person-controller
2019-07-16 12:40:41.030  INFO 2340 --- [    Test worker] s.d.s.w.s.ApiListingReferenceScanner     : Request mapping: delete belongs to groups: [[ResourceGroup{groupName='person-controller', position=0, controller=com.capgemini.person.controller.PersonController}]] 
2019-07-16 12:40:41.030  INFO 2340 --- [    Test worker] s.w.ClassOrApiAnnotationResourceGrouping : Group for method addNewAccount was person-controller
2019-07-16 12:40:41.030  INFO 2340 --- [    Test worker] s.d.s.w.s.ApiListingReferenceScanner     : Request mapping: addNewAccount belongs to groups: [[ResourceGroup{groupName='person-controller', position=0, controller=com.capgemini.person.controller.PersonController}]] 
2019-07-16 12:40:41.031  INFO 2340 --- [    Test worker] s.w.ClassOrApiAnnotationResourceGrouping : Group for method display was person-controller
2019-07-16 12:40:41.031  INFO 2340 --- [    Test worker] s.d.s.w.s.ApiListingReferenceScanner     : Request mapping: display belongs to groups: [[ResourceGroup{groupName='person-controller', position=0, controller=com.capgemini.person.controller.PersonController}]] 
2019-07-16 12:40:41.031  INFO 2340 --- [    Test worker] s.w.ClassOrApiAnnotationResourceGrouping : Group for method error was basic-error-controller
2019-07-16 12:40:41.031  INFO 2340 --- [    Test worker] s.d.s.w.s.ApiListingReferenceScanner     : Request mapping: error belongs to groups: [[ResourceGroup{groupName='basic-error-controller', position=0, controller=org.springframework.boot.autoconfigure.web.servlet.error.BasicErrorController}]] 
2019-07-16 12:40:41.032  INFO 2340 --- [    Test worker] s.w.ClassOrApiAnnotationResourceGrouping : Group for method errorHtml was basic-error-controller
2019-07-16 12:40:41.032  INFO 2340 --- [    Test worker] s.d.s.w.s.ApiListingReferenceScanner     : Request mapping: errorHtml belongs to groups: [[ResourceGroup{groupName='basic-error-controller', position=0, controller=org.springframework.boot.autoconfigure.web.servlet.error.BasicErrorController}]] 
2019-07-16 12:40:41.035  INFO 2340 --- [    Test worker] s.d.s.w.s.ApiListingReferenceScanner     : Created resource listing Path: /default/person-controller Description: person-controller Position: 0
2019-07-16 12:40:41.036  INFO 2340 --- [    Test worker] s.d.s.w.s.ApiListingReferenceScanner     : Created resource listing Path: /default/basic-error-controller Description: basic-error-controller Position: 0
2019-07-16 12:40:41.060  INFO 2340 --- [    Test worker] s.w.ClassOrApiAnnotationResourceGrouping : Group for method delete was person-controller
2019-07-16 12:40:41.112  INFO 2340 --- [    Test worker] s.w.ClassOrApiAnnotationResourceGrouping : Group for method addNewAccount was person-controller
2019-07-16 12:40:41.115  INFO 2340 --- [    Test worker] s.w.ClassOrApiAnnotationResourceGrouping : Group for method display was person-controller
2019-07-16 12:40:41.133  INFO 2340 --- [    Test worker] s.w.ClassOrApiAnnotationResourceGrouping : Group for method error was basic-error-controller
2019-07-16 12:40:41.135  INFO 2340 --- [    Test worker] s.w.ClassOrApiAnnotationResourceGrouping : Group for method error was basic-error-controller
2019-07-16 12:40:41.136  INFO 2340 --- [    Test worker] s.w.ClassOrApiAnnotationResourceGrouping : Group for method error was basic-error-controller
2019-07-16 12:40:41.137  INFO 2340 --- [    Test worker] s.w.ClassOrApiAnnotationResourceGrouping : Group for method error was basic-error-controller
2019-07-16 12:40:41.139  INFO 2340 --- [    Test worker] s.w.ClassOrApiAnnotationResourceGrouping : Group for method error was basic-error-controller
2019-07-16 12:40:41.140  INFO 2340 --- [    Test worker] s.w.ClassOrApiAnnotationResourceGrouping : Group for method error was basic-error-controller
2019-07-16 12:40:41.141  INFO 2340 --- [    Test worker] s.w.ClassOrApiAnnotationResourceGrouping : Group for method error was basic-error-controller
2019-07-16 12:40:41.143  INFO 2340 --- [    Test worker] s.w.ClassOrApiAnnotationResourceGrouping : Group for method error was basic-error-controller
2019-07-16 12:40:41.161  INFO 2340 --- [    Test worker] s.w.ClassOrApiAnnotationResourceGrouping : Group for method errorHtml was basic-error-controller
2019-07-16 12:40:41.162  INFO 2340 --- [    Test worker] s.w.ClassOrApiAnnotationResourceGrouping : Group for method errorHtml was basic-error-controller
2019-07-16 12:40:41.163  INFO 2340 --- [    Test worker] s.w.ClassOrApiAnnotationResourceGrouping : Group for method errorHtml was basic-error-controller
2019-07-16 12:40:41.164  INFO 2340 --- [    Test worker] s.w.ClassOrApiAnnotationResourceGrouping : Group for method errorHtml was basic-error-controller
2019-07-16 12:40:41.165  INFO 2340 --- [    Test worker] s.w.ClassOrApiAnnotationResourceGrouping : Group for method errorHtml was basic-error-controller
2019-07-16 12:40:41.167  INFO 2340 --- [    Test worker] s.w.ClassOrApiAnnotationResourceGrouping : Group for method errorHtml was basic-error-controller
2019-07-16 12:40:41.168  INFO 2340 --- [    Test worker] s.w.ClassOrApiAnnotationResourceGrouping : Group for method errorHtml was basic-error-controller
2019-07-16 12:40:41.169  INFO 2340 --- [    Test worker] s.w.ClassOrApiAnnotationResourceGrouping : Group for method errorHtml was basic-error-controller
2019-07-16 12:40:41.179  INFO 2340 --- [    Test worker] c.c.person.PersonApplicationTests        : Started PersonApplicationTests in 6.08 seconds (JVM running for 7.524)
]]></system-out>
  <system-err><![CDATA[]]></system-err>
</testsuite>
